<?xml version="1.0" encoding="UTF-8"?>
<coverage generated="1457535917783" clover="3.2.0">
	<project timestamp="1457535917783"  name="All Files" >
		<metrics statements="7"  coveredstatements="6"  conditionals="8"  coveredconditionals="7"  methods="2"  coveredmethods="2"  elements="17"  coveredelements="15"  complexity="0"  packages="2"  files="2"  classes="2"  loc="38"  ncloc="38" />
		<package name="client.components" >
			<metrics statements="6"  coveredstatements="5"  conditionals="8"  coveredconditionals="7"  methods="2"  coveredmethods="2" />
			<file name="PortfolioItem.js"  path="/Users/matthewfricker/code/portfolio_v5/src/client/components/PortfolioItem.js" >
				<metrics statements="6"  coveredstatements="5"  conditionals="8"  coveredconditionals="7"  methods="2"  coveredmethods="2" />
				<line num="1"  count="9"  type="cond"  truecount="4"  falsecount="0" />
				<line num="12"  count="1"  type="stmt" />
				<line num="13"  count="1"  type="cond"  truecount="1"  falsecount="1" />
				<line num="14"  count="0"  type="stmt" />
				<line num="17"  count="3"  type="stmt" />
				<line num="37"  count="1"  type="stmt" />
			</file>
		</package>
		<package name="data" >
			<metrics statements="1"  coveredstatements="1"  conditionals="0"  coveredconditionals="0"  methods="0"  coveredmethods="0" />
			<file name="portfolio.js"  path="/Users/matthewfricker/code/portfolio_v5/src/data/portfolio.js" >
				<metrics statements="1"  coveredstatements="1"  conditionals="0"  coveredconditionals="0"  methods="0"  coveredmethods="0" />
				<line num="1"  count="1"  type="stmt" />
			</file>
		</package>
	</project>
</coverage>
