<?xml version="1.0" encoding="UTF-8"?>
<coverage generated="1457445723379" clover="3.2.0">
	<project timestamp="1457445723379"  name="All Files" >
		<metrics statements="6"  coveredstatements="5"  conditionals="8"  coveredconditionals="5"  methods="2"  coveredmethods="2"  elements="16"  coveredelements="12"  complexity="0"  packages="1"  files="1"  classes="1"  loc="37"  ncloc="37" />
		<package name="components" >
			<metrics statements="6"  coveredstatements="5"  conditionals="8"  coveredconditionals="5"  methods="2"  coveredmethods="2" />
			<file name="PortfolioItem.js"  path="/var/www/html/portfolio_v5/src/client/components/PortfolioItem.js" >
				<metrics statements="6"  coveredstatements="5"  conditionals="8"  coveredconditionals="5"  methods="2"  coveredmethods="2" />
				<line num="1"  count="9"  type="cond"  truecount="4"  falsecount="0" />
				<line num="12"  count="1"  type="stmt" />
				<line num="13"  count="1"  type="cond"  truecount="1"  falsecount="1" />
				<line num="14"  count="0"  type="stmt" />
				<line num="17"  count="1"  type="stmt" />
				<line num="37"  count="1"  type="stmt" />
			</file>
		</package>
	</project>
</coverage>
