{
"/Users/matthewfricker/code/portfolio_v5/src/client/components/PortfolioItem.js":{"path":"/Users/matthewfricker/code/portfolio_v5/src/client/components/PortfolioItem.js","s":{"1":1,"2":1,"3":1,"4":1,"5":1,"6":1,"7":1,"8":1,"9":1,"10":1,"11":1,"12":1,"13":1,"14":1,"15":1,"16":1,"17":1,"18":1,"19":1,"20":1,"21":9,"22":1,"23":1,"24":0,"25":1,"26":3,"27":2,"28":2,"29":2,"30":2,"31":2,"32":2,"33":2,"34":2,"35":1},"b":{"1":[1,8],"2":[9,9],"3":[0,1],"4":[1,1]},"f":{"1":9,"2":3},"fnMap":{"1":{"name":"_interopRequireDefault","line":1,"loc":{"start":{"line":1,"column":1031},"end":{"line":1,"column":1068}}},"2":{"name":"PortfolioItem","line":17,"loc":{"start":{"line":17,"column":20},"end":{"line":17,"column":49}}}},"statementMap":{"1":{"start":{"line":1,"column":13},"end":{"line":1,"column":75}},"2":{"start":{"line":1,"column":75},"end":{"line":1,"column":105}},"3":{"start":{"line":1,"column":105},"end":{"line":1,"column":150}},"4":{"start":{"line":1,"column":150},"end":{"line":1,"column":199}},"5":{"start":{"line":1,"column":199},"end":{"line":1,"column":262}},"6":{"start":{"line":1,"column":262},"end":{"line":1,"column":310}},"7":{"start":{"line":1,"column":310},"end":{"line":1,"column":371}},"8":{"start":{"line":1,"column":371},"end":{"line":1,"column":420}},"9":{"start":{"line":1,"column":420},"end":{"line":1,"column":463}},"10":{"start":{"line":1,"column":463},"end":{"line":1,"column":527}},"11":{"start":{"line":1,"column":527},"end":{"line":1,"column":584}},"12":{"start":{"line":1,"column":584},"end":{"line":1,"column":644}},"13":{"start":{"line":1,"column":644},"end":{"line":1,"column":697}},"14":{"start":{"line":1,"column":697},"end":{"line":1,"column":757}},"15":{"start":{"line":1,"column":757},"end":{"line":1,"column":810}},"16":{"start":{"line":1,"column":810},"end":{"line":1,"column":867}},"17":{"start":{"line":1,"column":867},"end":{"line":1,"column":922}},"18":{"start":{"line":1,"column":922},"end":{"line":1,"column":980}},"19":{"start":{"line":1,"column":980},"end":{"line":1,"column":1031}},"20":{"start":{"line":1,"column":1031},"end":{"line":1,"column":1124}},"21":{"start":{"line":1,"column":1069},"end":{"line":1,"column":1123}},"22":{"start":{"line":12,"column":0},"end":{"line":12,"column":8}},"23":{"start":{"line":13,"column":0},"end":{"line":14,"column":61}},"24":{"start":{"line":14,"column":4},"end":{"line":14,"column":60}},"25":{"start":{"line":17,"column":0},"end":{"line":37,"column":46}},"26":{"start":{"line":17,"column":50},"end":{"line":17,"column":69}},"27":{"start":{"line":17,"column":69},"end":{"line":17,"column":92}},"28":{"start":{"line":17,"column":92},"end":{"line":17,"column":115}},"29":{"start":{"line":17,"column":115},"end":{"line":17,"column":136}},"30":{"start":{"line":17,"column":136},"end":{"line":17,"column":171}},"31":{"start":{"line":17,"column":171},"end":{"line":17,"column":196}},"32":{"start":{"line":17,"column":196},"end":{"line":17,"column":229}},"33":{"start":{"line":17,"column":229},"end":{"line":17,"column":252}},"34":{"start":{"line":17,"column":252},"end":{"line":37,"column":44}},"35":{"start":{"line":37,"column":46},"end":{"line":44,"column":50}}},"branchMap":{"1":{"line":1,"type":"cond-expr","locations":[{"start":{"line":1,"column":1100},"end":{"line":1,"column":1103}},{"start":{"line":1,"column":1106},"end":{"line":1,"column":1122}}]},"2":{"line":1,"type":"binary-expr","locations":[{"start":{"line":1,"column":1076},"end":{"line":1,"column":1079}},{"start":{"line":1,"column":1083},"end":{"line":1,"column":1097}}]},"3":{"line":13,"type":"if","locations":[{"start":{"line":13,"column":0},"end":{"line":13,"column":0}},{"start":{"line":13,"column":0},"end":{"line":13,"column":0}}]},"4":{"line":19,"type":"cond-expr","locations":[{"start":{"line":19,"column":84},"end":{"line":19,"column":97}},{"start":{"line":19,"column":100},"end":{"line":19,"column":114}}]}},"l":{"1":9,"12":1,"13":1,"14":0,"17":3,"37":1}},
"/Users/matthewfricker/code/portfolio_v5/src/data/portfolio.js":{"path":"/Users/matthewfricker/code/portfolio_v5/src/data/portfolio.js","s":{"1":1,"2":1},"b":{},"f":{},"fnMap":{},"statementMap":{"1":{"start":{"line":1,"column":13},"end":{"line":1,"column":75}},"2":{"start":{"line":1,"column":75},"end":{"line":18,"column":78}}},"branchMap":{},"l":{"1":1}}}
