TN:
SF:/Users/matthewfricker/code/portfolio_v5/src/client/components/PortfolioItem.js
FN:1,_interopRequireDefault
FN:17,PortfolioItem
FNF:2
FNH:2
FNDA:9,_interopRequireDefault
FNDA:3,PortfolioItem
DA:1,9
DA:12,1
DA:13,1
DA:14,0
DA:17,3
DA:37,1
LF:6
LH:5
BRDA:1,1,0,1
BRDA:1,1,1,8
BRDA:1,2,0,9
BRDA:1,2,1,9
BRDA:13,3,0,0
BRDA:13,3,1,1
BRDA:19,4,0,1
BRDA:19,4,1,1
BRF:8
BRH:7
end_of_record
TN:
SF:/Users/matthewfricker/code/portfolio_v5/src/data/portfolio.js
FNF:0
FNH:0
DA:1,1
LF:1
LH:1
BRF:0
BRH:0
end_of_record
